-------------------------------------------------------------------------------
Test set: com.example.demo.DemoApplicationTests
-------------------------------------------------------------------------------
Tests run: 1, Failures: 0, Errors: 1, Skipped: 0, Time elapsed: 6.655 s <<< FAILURE! - in com.example.demo.DemoApplicationTests
contextLoads  Time elapsed: 0.001 s  <<< ERROR!
java.lang.IllegalStateException: Failed to load ApplicationContext
Caused by: org.springframework.beans.factory.UnsatisfiedDependencyException: Error creating bean with name 'demoController' defined in file [C:\Users\Qintess\Documents\app\outros\demo\target\classes\com\example\demo\http\DemoController.class]: Unsatisfied dependency expressed through constructor parameter 0; nested exception is org.springframework.beans.factory.UnsatisfiedDependencyException: Error creating bean with name 'demoUseCase': Unsatisfied dependency expressed through field 'demoRepository'; nested exception is org.springframework.beans.factory.BeanCreationException: Error creating bean with name 'demoRepository' defined in com.example.demo.repository.DemoRepository defined in @EnableJpaRepositories declared on JpaRepositoriesRegistrar.EnableJpaRepositoriesConfiguration: Invocation of init method failed; nested exception is java.lang.IllegalArgumentException: Not a managed type: class com.example.demo.entity.Transfer
Caused by: org.springframework.beans.factory.UnsatisfiedDependencyException: Error creating bean with name 'demoUseCase': Unsatisfied dependency expressed through field 'demoRepository'; nested exception is org.springframework.beans.factory.BeanCreationException: Error creating bean with name 'demoRepository' defined in com.example.demo.repository.DemoRepository defined in @EnableJpaRepositories declared on JpaRepositoriesRegistrar.EnableJpaRepositoriesConfiguration: Invocation of init method failed; nested exception is java.lang.IllegalArgumentException: Not a managed type: class com.example.demo.entity.Transfer
Caused by: org.springframework.beans.factory.BeanCreationException: Error creating bean with name 'demoRepository' defined in com.example.demo.repository.DemoRepository defined in @EnableJpaRepositories declared on JpaRepositoriesRegistrar.EnableJpaRepositoriesConfiguration: Invocation of init method failed; nested exception is java.lang.IllegalArgumentException: Not a managed type: class com.example.demo.entity.Transfer
Caused by: java.lang.IllegalArgumentException: Not a managed type: class com.example.demo.entity.Transfer

