<?xml version="1.0" encoding="UTF-8"?>
<testsuite xmlns:xsi="http://www.w3.org/2001/XMLSchema-instance" xsi:noNamespaceSchemaLocation="https://maven.apache.org/surefire/maven-surefire-plugin/xsd/surefire-test-report.xsd" name="com.example.demo.http.DemoControllerTest" time="0.503" tests="3" errors="0" skipped="0" failures="3">
  <properties>
[...]
</properties>
  <testcase name="getEmptyTest{MockMvc}" classname="com.example.demo.http.DemoControllerTest" time="0.065">
    <failure message="Status expected:&lt;204&gt; but was:&lt;404&gt;" type="java.lang.AssertionError"><![CDATA[java.lang.AssertionError: Status expected:<204> but was:<404>
	at com.example.demo.http.DemoControllerTest.getEmptyTest(DemoControllerTest.java:58)
]]></failure>
    <system-out><![CDATA[2022-01-28 14:10:59.812  INFO 11868 --- [           main] .b.t.a.w.s.WebMvcTestContextBootstrapper : Neither @ContextConfiguration nor @ContextHierarchy found for test class [com.example.demo.http.DemoControllerTest], using SpringBootContextLoader
2022-01-28 14:10:59.813  INFO 11868 --- [           main] o.s.t.c.support.AbstractContextLoader    : Could not detect default resource locations for test class [com.example.demo.http.DemoControllerTest]: no resource found for suffixes {-context.xml, Context.groovy}.
2022-01-28 14:10:59.813  INFO 11868 --- [           main] t.c.s.AnnotationConfigContextLoaderUtils : Could not detect default configuration classes for test class [com.example.demo.http.DemoControllerTest]: DemoControllerTest does not declare any static, non-private, non-final, nested classes annotated with @Configuration.
2022-01-28 14:10:59.843  INFO 11868 --- [           main] .b.t.c.SpringBootTestContextBootstrapper : Found @SpringBootConfiguration com.example.demo.DemoApplication for test class com.example.demo.http.DemoControllerTest
2022-01-28 14:10:59.844  INFO 11868 --- [           main] .b.t.a.w.s.WebMvcTestContextBootstrapper : Loaded default TestExecutionListener class names from location [META-INF/spring.factories]: [org.springframework.boot.test.mock.mockito.MockitoTestExecutionListener, org.springframework.boot.test.mock.mockito.ResetMocksTestExecutionListener, org.springframework.boot.test.autoconfigure.restdocs.RestDocsTestExecutionListener, org.springframework.boot.test.autoconfigure.web.client.MockRestServiceServerResetTestExecutionListener, org.springframework.boot.test.autoconfigure.web.servlet.MockMvcPrintOnlyOnFailureTestExecutionListener, org.springframework.boot.test.autoconfigure.web.servlet.WebDriverTestExecutionListener, org.springframework.boot.test.autoconfigure.webservices.client.MockWebServiceServerTestExecutionListener, org.springframework.test.context.web.ServletTestExecutionListener, org.springframework.test.context.support.DirtiesContextBeforeModesTestExecutionListener, org.springframework.test.context.event.ApplicationEventsTestExecutionListener, org.springframework.test.context.support.DependencyInjectionTestExecutionListener, org.springframework.test.context.support.DirtiesContextTestExecutionListener, org.springframework.test.context.transaction.TransactionalTestExecutionListener, org.springframework.test.context.jdbc.SqlScriptsTestExecutionListener, org.springframework.test.context.event.EventPublishingTestExecutionListener]
2022-01-28 14:10:59.845  INFO 11868 --- [           main] .b.t.a.w.s.WebMvcTestContextBootstrapper : Using TestExecutionListeners: [org.springframework.test.context.web.ServletTestExecutionListener@4e5364a3, org.springframework.test.context.support.DirtiesContextBeforeModesTestExecutionListener@1a336906, org.springframework.test.context.event.ApplicationEventsTestExecutionListener@62054faf, org.springframework.boot.test.mock.mockito.MockitoTestExecutionListener@75d539b9, org.springframework.boot.test.autoconfigure.SpringBootDependencyInjectionTestExecutionListener@20f63ddc, org.springframework.test.context.support.DirtiesContextTestExecutionListener@210c1b9d, org.springframework.test.context.transaction.TransactionalTestExecutionListener@69bc4024, org.springframework.test.context.jdbc.SqlScriptsTestExecutionListener@3578a45b, org.springframework.test.context.event.EventPublishingTestExecutionListener@24f177f5, org.springframework.boot.test.mock.mockito.ResetMocksTestExecutionListener@65e05005, org.springframework.boot.test.autoconfigure.restdocs.RestDocsTestExecutionListener@6ed691fd, org.springframework.boot.test.autoconfigure.web.client.MockRestServiceServerResetTestExecutionListener@1efcba00, org.springframework.boot.test.autoconfigure.web.servlet.MockMvcPrintOnlyOnFailureTestExecutionListener@311d28f5, org.springframework.boot.test.autoconfigure.web.servlet.WebDriverTestExecutionListener@569a26ab, org.springframework.boot.test.autoconfigure.webservices.client.MockWebServiceServerTestExecutionListener@c190cfc]

  .   ____          _            __ _ _
 /\\ / ___'_ __ _ _(_)_ __  __ _ \ \ \ \
( ( )\___ | '_ | '_| | '_ \/ _` | \ \ \ \
 \\/  ___)| |_)| | | | | || (_| |  ) ) ) )
  '  |____| .__|_| |_|_| |_\__, | / / / /
 =========|_|==============|___/=/_/_/_/
 :: Spring Boot ::       (v3.0.0-SNAPSHOT)

2022-01-28 14:10:59.887  INFO 11868 --- [           main] c.example.demo.http.DemoControllerTest   : Starting DemoControllerTest using Java 17.0.2 on CENW10N0131448 with PID 11868 (started by Qintess in C:\Users\Qintess\Documents\app\outros\demo)
2022-01-28 14:10:59.887  INFO 11868 --- [           main] c.example.demo.http.DemoControllerTest   : The following profiles are active: default
2022-01-28 14:11:01.256  INFO 11868 --- [           main] o.s.b.t.m.w.SpringBootMockServletContext : Initializing Spring TestDispatcherServlet ''
2022-01-28 14:11:01.256  INFO 11868 --- [           main] o.s.t.web.servlet.TestDispatcherServlet  : Initializing Servlet ''
2022-01-28 14:11:01.261  INFO 11868 --- [           main] o.s.t.web.servlet.TestDispatcherServlet  : Completed initialization in 2 ms
2022-01-28 14:11:01.285  INFO 11868 --- [           main] c.example.demo.http.DemoControllerTest   : Started DemoControllerTest in 1.434 seconds (JVM running for 5.455)

MockHttpServletRequest:
      HTTP Method = GET
      Request URI = /v1/transfer
       Parameters = {}
          Headers = []
             Body = null
    Session Attrs = {}

Handler:
             Type = org.springframework.web.servlet.resource.ResourceHttpRequestHandler

Async:
    Async started = false
     Async result = null

Resolved Exception:
             Type = null

ModelAndView:
        View name = null
             View = null
            Model = null

FlashMap:
       Attributes = null

MockHttpServletResponse:
           Status = 404
    Error message = null
          Headers = [Vary:"Origin", "Access-Control-Request-Method", "Access-Control-Request-Headers"]
     Content type = null
             Body = 
    Forwarded URL = null
   Redirected URL = null
          Cookies = []
]]></system-out>
  </testcase>
  <testcase name="getAllTest{MockMvc}" classname="com.example.demo.http.DemoControllerTest" time="0.064">
    <failure message="Status expected:&lt;200&gt; but was:&lt;404&gt;" type="java.lang.AssertionError"><![CDATA[java.lang.AssertionError: Status expected:<200> but was:<404>
	at com.example.demo.http.DemoControllerTest.getAllTest(DemoControllerTest.java:47)
]]></failure>
    <system-out><![CDATA[
MockHttpServletRequest:
      HTTP Method = GET
      Request URI = /v1/transfer
       Parameters = {}
          Headers = []
             Body = null
    Session Attrs = {}

Handler:
             Type = org.springframework.web.servlet.resource.ResourceHttpRequestHandler

Async:
    Async started = false
     Async result = null

Resolved Exception:
             Type = null

ModelAndView:
        View name = null
             View = null
            Model = null

FlashMap:
       Attributes = null

MockHttpServletResponse:
           Status = 404
    Error message = null
          Headers = [Vary:"Origin", "Access-Control-Request-Method", "Access-Control-Request-Headers"]
     Content type = null
             Body = 
    Forwarded URL = null
   Redirected URL = null
          Cookies = []
]]></system-out>
  </testcase>
  <testcase name="saveSucess{MockMvc}" classname="com.example.demo.http.DemoControllerTest" time="0.066">
    <failure message="Status expected:&lt;200&gt; but was:&lt;404&gt;" type="java.lang.AssertionError"><![CDATA[java.lang.AssertionError: Status expected:<200> but was:<404>
	at com.example.demo.http.DemoControllerTest.saveSucess(DemoControllerTest.java:73)
]]></failure>
    <system-out><![CDATA[
MockHttpServletRequest:
      HTTP Method = POST
      Request URI = /v1/transfer
       Parameters = {}
          Headers = [Content-Type:"application/json;charset=UTF-8", Content-Length:"160"]
             Body = {"id":null,"amount":1,"feeAmount":1,"createdAt":"2022-01-28","transferAt":"2022-01-30","accountOrigin":"1234567","accountDestination":"123456789987","type":"A"}
    Session Attrs = {}

Handler:
             Type = org.springframework.web.servlet.resource.ResourceHttpRequestHandler

Async:
    Async started = false
     Async result = null

Resolved Exception:
             Type = null

ModelAndView:
        View name = null
             View = null
            Model = null

FlashMap:
       Attributes = null

MockHttpServletResponse:
           Status = 404
    Error message = null
          Headers = [Vary:"Origin", "Access-Control-Request-Method", "Access-Control-Request-Headers"]
     Content type = null
             Body = 
    Forwarded URL = null
   Redirected URL = null
          Cookies = []
]]></system-out>
  </testcase>
</testsuite>